<?xml version="1.0" encoding="UTF-8"?>
<!-- Generated by org.testng.reporters.JUnitReportReporter -->
<testsuite hostname="COLLABPH1002991" failures="0" tests="1" name="com.apidemos.LaunchAndroidApp" time="49.966" errors="0" timestamp="2023-11-10T09:58:35 PST" skipped="0">
  <testcase classname="com.apidemos.LaunchAndroidApp" name="navigateApp" time="49.966"/>
  <system-out/>
</testsuite> <!-- com.apidemos.LaunchAndroidApp -->
