<?xml version="1.0" encoding="UTF-8"?>
<!-- Generated by org.testng.reporters.JUnitReportReporter -->
<testsuite hostname="COLLABPH1002991" failures="0" tests="3" name="com.apidemos.TestRun" time="98.967" errors="0" timestamp="2023-11-09T12:15:25 PST" skipped="0">
  <testcase classname="com.apidemos.TestRun" name="loopGetElementsText" time="39.259"/>
  <system-out/>
  <testcase classname="com.apidemos.TestRun" name="loopGetElementsText" time="26.792"/>
  <system-out/>
  <testcase classname="com.apidemos.TestRun" name="loopGetElementsText" time="32.916"/>
  <system-out/>
</testsuite> <!-- com.apidemos.TestRun -->
