<?xml version="1.0" encoding="UTF-8"?>
<!-- Generated by org.testng.reporters.JUnitReportReporter -->
<testsuite hostname="COLLABPH1002991" failures="0" tests="8" name="com.apidemos.Gestures" time="307.801" errors="0" timestamp="2023-11-09T14:22:42 PST" skipped="0">
  <testcase classname="com.apidemos.Gestures" name="scrollGesture" time="33.558"/>
  <system-out/>
  <testcase classname="com.apidemos.Gestures" name="flingGestureMethod" time="41.272"/>
  <system-out/>
  <testcase classname="com.apidemos.Gestures" name="longPress" time="48.730"/>
  <system-out/>
  <testcase classname="com.apidemos.Gestures" name="scrollGesture" time="37.284"/>
  <system-out/>
  <testcase classname="com.apidemos.Gestures" name="flingGestureMethod" time="43.572"/>
  <system-out/>
  <testcase classname="com.apidemos.Gestures" name="longPress" time="36.520"/>
  <system-out/>
  <testcase classname="com.apidemos.Gestures" name="dragGestureMethod" time="37.355"/>
  <system-out/>
  <testcase classname="com.apidemos.Gestures" name="dragGestureMethod" time="29.510"/>
  <system-out/>
</testsuite> <!-- com.apidemos.Gestures -->
