<?xml version="1.0" encoding="UTF-8"?>
<!-- Generated by org.testng.reporters.JUnitReportReporter -->
<testsuite hostname="COLLABPH1002991" failures="0" tests="2" name="com.apidemos.LaunchAndroidApp" time="141.891" errors="0" timestamp="2023-11-09T14:48:34 PST" skipped="0">
  <testcase classname="com.apidemos.LaunchAndroidApp" name="navigateApp" time="82.197"/>
  <system-out/>
  <testcase classname="com.apidemos.LaunchAndroidApp" name="navigateApp" time="59.694"/>
  <system-out/>
</testsuite> <!-- com.apidemos.LaunchAndroidApp -->
