<?xml version="1.0" encoding="UTF-8"?>
<!-- Generated by org.testng.reporters.JUnitReportReporter -->
<testsuite hostname="COLLABPH1002991" failures="0" tests="3" name="com.browserstack.FirstTest" time="115.467" errors="0" timestamp="2023-11-09T11:13:11 PST" skipped="0">
  <testcase classname="com.browserstack.FirstTest" name="test" time="39.421"/>
  <system-out/>
  <testcase classname="com.browserstack.FirstTest" name="test" time="37.261"/>
  <system-out/>
  <testcase classname="com.browserstack.FirstTest" name="test" time="38.785"/>
  <system-out/>
</testsuite> <!-- com.browserstack.FirstTest -->
